<?xml version="1.0" encoding="UTF-8"?>
<!-- Generated by org.testng.reporters.JUnitXMLReporter -->
<testsuite ignored="0" hostname="LAPTOP-65H6OUS0" failures="0" tests="3" name="Test2" time="0.008" errors="0" timestamp="2025-07-08T13:25:38 GMT-07:00">
  <testcase classname="AnnotationsTest.testAnnotationsB" name="xyz" time="0.001"/>
  <testcase classname="AnnotationsTest.TestAnnotationsA" name="abc" time="0.001"/>
  <testcase classname="AnnotationsTest.TestAnnotationsC" name="pqr" time="0.0"/>
</testsuite> <!-- Test2 -->
