<?xml version="1.0" encoding="UTF-8"?>
<!-- Generated by org.testng.reporters.JUnitXMLReporter -->
<testsuite ignored="0" hostname="LAPTOP-65H6OUS0" failures="0" tests="3" name="Test" time="10.459" errors="0" timestamp="2025-07-08T12:02:22 GMT-07:00">
  <testcase classname="OrangeHRMTest.OrangeHRMTest" name="openapp" time="6.013"/>
  <testcase classname="OrangeHRMTest.OrangeHRMTest" name="testLogo" time="3.052"/>
  <testcase classname="OrangeHRMTest.OrangeHRMTest" name="testLogin" time="1.355"/>
</testsuite> <!-- Test -->
