<?xml version="1.0" encoding="UTF-8"?>
<!-- Generated by org.testng.reporters.JUnitXMLReporter -->
<testsuite ignored="0" hostname="LAPTOP-65H6OUS0" failures="0" tests="3" name="Test" time="8.37" errors="0" timestamp="2025-07-08T12:10:28 GMT-07:00">
  <testcase classname="OrangeHRMTest.OrangeHRMTest" name="openapp" time="5.088"/>
  <testcase classname="OrangeHRMTest.OrangeHRMTest" name="testLogo" time="3.077"/>
  <testcase classname="OrangeHRMTest.OrangeHRMTest" name="testLogin" time="0.163"/>
</testsuite> <!-- Test -->
